[2020-01-19T09:37:36.126] [DEBUG] cheese - login => username:zs,password:123456
[2020-01-19T09:37:36.129] [DEBUG] cheese - zs
[2020-01-19T09:37:36.144] [DEBUG] cheese - null
[2020-01-19T09:37:36.144] [DEBUG] cheese - null
[2020-01-19T09:37:45.423] [DEBUG] cheese - login => username:admin,password:123456
[2020-01-19T09:37:45.423] [DEBUG] cheese - admin
[2020-01-19T09:37:45.432] [DEBUG] cheese - null
[2020-01-19T09:37:45.432] [DEBUG] cheese - null
[2020-01-19T14:58:49.600] [DEBUG] cheese - login => username:admin,password:123456
[2020-01-19T14:58:49.602] [DEBUG] cheese - admin
[2020-01-19T14:58:49.617] [DEBUG] cheese - null
[2020-01-19T14:58:49.618] [DEBUG] cheese - null
[2020-01-19T14:59:44.235] [DEBUG] cheese - login => username:admin,password:123456
[2020-01-19T14:59:44.235] [DEBUG] cheese - admin
[2020-01-19T14:59:44.238] [DEBUG] cheese - null
[2020-01-19T14:59:44.239] [DEBUG] cheese - null
[2020-01-19T15:17:42.569] [DEBUG] cheese - login => username:admin,password:123456
[2020-01-19T15:17:42.570] [DEBUG] cheese - admin
[2020-01-19T15:17:42.574] [DEBUG] cheese - null
[2020-01-19T15:17:42.574] [DEBUG] cheese - null
[2020-01-19T15:18:22.727] [DEBUG] cheese - login => username:admin,password:123456
[2020-01-19T15:18:22.727] [DEBUG] cheese - admin
[2020-01-19T15:18:22.729] [DEBUG] cheese - null
[2020-01-19T15:18:22.729] [DEBUG] cheese - null
[2020-01-19T15:18:26.210] [DEBUG] cheese - login => username:admin,password:123456
[2020-01-19T15:18:26.210] [DEBUG] cheese - admin
[2020-01-19T15:18:26.213] [DEBUG] cheese - null
[2020-01-19T15:18:26.213] [DEBUG] cheese - null
[2020-01-19T15:18:28.096] [DEBUG] cheese - login => username:admina,password:123456
[2020-01-19T15:18:28.096] [DEBUG] cheese - admina
[2020-01-19T15:18:28.098] [DEBUG] cheese - null
[2020-01-19T15:18:28.098] [DEBUG] cheese - null
[2020-01-19T15:25:07.169] [DEBUG] cheese - login => username:admin,password:123456
[2020-01-19T15:25:07.170] [DEBUG] cheese - admin
[2020-01-19T15:25:07.172] [DEBUG] cheese - null
[2020-01-19T15:25:07.173] [DEBUG] cheese - null
[2020-01-19T15:26:31.579] [DEBUG] cheese - login => username:admin,password:123456d
[2020-01-19T15:26:31.579] [DEBUG] cheese - admin
[2020-01-19T15:26:31.581] [DEBUG] cheese - null
[2020-01-19T15:26:31.581] [DEBUG] cheese - null
[2020-01-19T15:26:34.835] [DEBUG] cheese - login => username:admin,password:123456d
[2020-01-19T15:26:34.835] [DEBUG] cheese - admin
[2020-01-19T15:26:34.836] [DEBUG] cheese - null
[2020-01-19T15:26:34.837] [DEBUG] cheese - null
[2020-01-19T15:26:35.293] [DEBUG] cheese - login => username:admin,password:123456d
[2020-01-19T15:26:35.293] [DEBUG] cheese - admin
[2020-01-19T15:26:35.296] [DEBUG] cheese - null
[2020-01-19T15:26:35.296] [DEBUG] cheese - null
[2020-01-19T15:26:40.302] [DEBUG] cheese - login => username:admin,password:123456
[2020-01-19T15:26:40.302] [DEBUG] cheese - admin
[2020-01-19T15:26:40.304] [DEBUG] cheese - null
[2020-01-19T15:26:40.304] [DEBUG] cheese - null
[2020-01-19T15:28:41.289] [DEBUG] cheese - login => username:admin,password:123456
[2020-01-19T15:28:41.289] [DEBUG] cheese - admin
[2020-01-19T15:28:41.291] [DEBUG] cheese - null
[2020-01-19T15:28:41.291] [DEBUG] cheese - null
[2020-01-19T15:29:36.110] [DEBUG] cheese - login => username:admin,password:123456
[2020-01-19T15:29:36.110] [DEBUG] cheese - admin
[2020-01-19T15:29:36.113] [DEBUG] cheese - null
[2020-01-19T15:29:36.113] [DEBUG] cheese - null
[2020-01-19T15:30:03.885] [DEBUG] cheese - login => username:admin,password:123456
[2020-01-19T15:30:03.885] [DEBUG] cheese - admin
[2020-01-19T15:30:03.888] [DEBUG] cheese - null
[2020-01-19T15:30:03.888] [DEBUG] cheese - null
[2020-01-19T15:42:40.236] [DEBUG] cheese - login => username:admin,password:123456
[2020-01-19T15:42:40.236] [DEBUG] cheese - admin
[2020-01-19T15:42:40.239] [DEBUG] cheese - null
[2020-01-19T15:42:40.239] [DEBUG] cheese - null
[2020-01-19T16:03:47.994] [DEBUG] cheese - login => username:admin,password:123456
[2020-01-19T16:03:47.994] [DEBUG] cheese - admin
[2020-01-19T16:03:47.997] [DEBUG] cheese - null
[2020-01-19T16:03:47.997] [DEBUG] cheese - null
[2020-01-19T16:10:45.012] [DEBUG] cheese - login => username:admin,password:123456
[2020-01-19T16:10:45.012] [DEBUG] cheese - admin
[2020-01-19T16:10:45.016] [DEBUG] cheese - null
[2020-01-19T16:10:45.016] [DEBUG] cheese - null
[2020-01-19T16:11:53.433] [DEBUG] cheese - login => username:admin,password:123456
[2020-01-19T16:11:53.433] [DEBUG] cheese - admin
[2020-01-19T16:11:53.436] [DEBUG] cheese - null
[2020-01-19T16:11:53.436] [DEBUG] cheese - null
[2020-01-19T16:18:49.514] [DEBUG] cheese - login => username:admin,password:123456
[2020-01-19T16:18:49.514] [DEBUG] cheese - admin
[2020-01-19T16:18:49.516] [DEBUG] cheese - null
[2020-01-19T16:18:49.517] [DEBUG] cheese - null
[2020-01-19T16:28:16.679] [DEBUG] cheese - login => username:admin,password:123456
[2020-01-19T16:28:16.679] [DEBUG] cheese - admin
[2020-01-19T16:28:16.681] [DEBUG] cheese - null
[2020-01-19T16:28:16.681] [DEBUG] cheese - null
[2020-01-19T16:56:02.532] [DEBUG] cheese - login => username:admin,password:123456
[2020-01-19T16:56:02.533] [DEBUG] cheese - admin
[2020-01-19T16:56:02.536] [DEBUG] cheese - null
[2020-01-19T16:56:02.536] [DEBUG] cheese - null
[2020-01-19T17:21:38.815] [DEBUG] cheese - login => username:admin,password:123456
[2020-01-19T17:21:38.815] [DEBUG] cheese - admin
[2020-01-19T17:21:38.817] [DEBUG] cheese - null
[2020-01-19T17:21:38.817] [DEBUG] cheese - null
[2020-01-19T17:23:50.368] [DEBUG] cheese - login => username:admin,password:123456
[2020-01-19T17:23:50.369] [DEBUG] cheese - admin
[2020-01-19T17:23:50.371] [DEBUG] cheese - null
[2020-01-19T17:23:50.371] [DEBUG] cheese - null
[2020-01-19T17:24:24.053] [DEBUG] cheese - login => username:admin,password:123456
[2020-01-19T17:24:24.053] [DEBUG] cheese - admin
[2020-01-19T17:24:24.055] [DEBUG] cheese - null
[2020-01-19T17:24:24.055] [DEBUG] cheese - null
[2020-01-19T17:28:18.312] [DEBUG] cheese - login => username:admin,password:123456
[2020-01-19T17:28:18.312] [DEBUG] cheese - admin
[2020-01-19T17:28:18.315] [DEBUG] cheese - null
[2020-01-19T17:28:18.315] [DEBUG] cheese - null
[2020-01-19T17:44:37.466] [DEBUG] cheese - login => username:admin,password:123456
[2020-01-19T17:44:37.466] [DEBUG] cheese - admin
[2020-01-19T17:44:37.469] [DEBUG] cheese - null
[2020-01-19T17:44:37.469] [DEBUG] cheese - null
[2020-01-19T17:46:20.424] [DEBUG] cheese - login => username:admin,password:123456
[2020-01-19T17:46:20.424] [DEBUG] cheese - admin
[2020-01-19T17:46:20.428] [DEBUG] cheese - null
[2020-01-19T17:46:20.428] [DEBUG] cheese - null
[2020-01-19T21:53:47.644] [DEBUG] cheese - login => username:admin,password:123456
[2020-01-19T21:53:47.644] [DEBUG] cheese - admin
[2020-01-19T21:53:47.647] [DEBUG] cheese - null
[2020-01-19T21:53:47.647] [DEBUG] cheese - null
[2020-01-19T22:21:52.998] [DEBUG] cheese - login => username:admin,password:123456
[2020-01-19T22:21:52.998] [DEBUG] cheese - admin
[2020-01-19T22:21:53.001] [DEBUG] cheese - null
[2020-01-19T22:21:53.001] [DEBUG] cheese - null
[2020-01-19T23:08:34.335] [DEBUG] cheese - login => username:admin,password:123456
[2020-01-19T23:08:34.335] [DEBUG] cheese - admin
[2020-01-19T23:08:34.337] [DEBUG] cheese - null
[2020-01-19T23:08:34.337] [DEBUG] cheese - null
[2020-01-20T16:15:37.043] [DEBUG] cheese - login => username:admin,password:123456
[2020-01-20T16:15:37.045] [DEBUG] cheese - admin
[2020-01-20T16:15:37.055] [DEBUG] cheese - null
[2020-01-20T16:15:37.056] [DEBUG] cheese - null
[2020-01-20T16:40:51.810] [DEBUG] cheese - login => username:admin,password:123456
[2020-01-20T16:40:51.810] [DEBUG] cheese - admin
[2020-01-20T16:40:51.814] [DEBUG] cheese - null
[2020-01-20T16:40:51.814] [DEBUG] cheese - null
[2020-01-20T23:36:37.377] [DEBUG] cheese - login => username:admin,password:123456
[2020-01-20T23:36:37.378] [DEBUG] cheese - admin
[2020-01-20T23:36:37.380] [DEBUG] cheese - null
[2020-01-20T23:36:37.380] [DEBUG] cheese - null
[2020-01-21T15:57:20.945] [DEBUG] cheese - null
[2020-01-21T23:03:47.319] [DEBUG] cheese - login => username:admin,password:123456
[2020-01-21T23:03:47.320] [DEBUG] cheese - admin
[2020-01-21T23:03:47.323] [DEBUG] cheese - null
[2020-01-21T23:03:47.323] [DEBUG] cheese - null
[2020-01-23T20:44:20.582] [DEBUG] cheese - login => username:admin,password:123456
[2020-01-23T20:44:20.585] [DEBUG] cheese - admin
[2020-01-23T20:44:20.604] [DEBUG] cheese - null
[2020-01-23T20:44:20.605] [DEBUG] cheese - null
[2020-01-25T12:07:27.757] [DEBUG] cheese - login => username:admin,password:123456
[2020-01-25T12:07:27.758] [DEBUG] cheese - admin
[2020-01-25T12:07:27.868] [DEBUG] cheese - null
[2020-01-25T12:07:27.868] [DEBUG] cheese - null
[2020-01-25T17:55:09.328] [DEBUG] cheese - login => username:admin,password:123456
[2020-01-25T17:55:09.328] [DEBUG] cheese - admin
[2020-01-25T17:55:09.330] [DEBUG] cheese - null
[2020-01-25T17:55:09.330] [DEBUG] cheese - null
[2020-01-25T17:56:06.587] [DEBUG] cheese - login => username:admi,password:123456
[2020-01-25T17:56:06.588] [DEBUG] cheese - admi
[2020-01-25T17:56:06.589] [DEBUG] cheese - null
[2020-01-25T17:56:06.589] [DEBUG] cheese - null
[2020-01-25T17:56:10.552] [DEBUG] cheese - login => username:admin,password:123456
[2020-01-25T17:56:10.552] [DEBUG] cheese - admin
[2020-01-25T17:56:10.555] [DEBUG] cheese - null
[2020-01-25T17:56:10.555] [DEBUG] cheese - null
[2020-01-25T17:56:25.692] [DEBUG] cheese - login => username:linken,password:123456
[2020-01-25T17:56:25.692] [DEBUG] cheese - linken
[2020-01-25T17:56:25.695] [DEBUG] cheese - null
[2020-01-25T17:56:25.695] [DEBUG] cheese - null
[2020-01-25T17:56:33.086] [DEBUG] cheese - login => username:admin,password:123456
[2020-01-25T17:56:33.086] [DEBUG] cheese - admin
[2020-01-25T17:56:33.089] [DEBUG] cheese - null
[2020-01-25T17:56:33.089] [DEBUG] cheese - null
[2020-01-25T18:01:11.807] [DEBUG] cheese - login => username:auth,password:123456
[2020-01-25T18:01:11.807] [DEBUG] cheese - auth
[2020-01-25T18:01:11.809] [DEBUG] cheese - null
[2020-01-25T18:01:11.809] [DEBUG] cheese - null
[2020-01-25T18:01:21.331] [DEBUG] cheese - login => username:auth,password:123456
[2020-01-25T18:01:21.331] [DEBUG] cheese - auth
[2020-01-25T18:01:21.333] [DEBUG] cheese - null
[2020-01-25T18:01:21.333] [DEBUG] cheese - null
[2020-01-25T18:01:22.594] [DEBUG] cheese - login => username:admin,password:123456
[2020-01-25T18:01:22.594] [DEBUG] cheese - admin
[2020-01-25T18:01:22.596] [DEBUG] cheese - null
[2020-01-25T18:01:22.596] [DEBUG] cheese - null
[2020-01-25T18:01:46.719] [DEBUG] cheese - login => username:auth,password:123456
[2020-01-25T18:01:46.719] [DEBUG] cheese - auth
[2020-01-25T18:01:46.720] [DEBUG] cheese - null
[2020-01-25T18:01:46.720] [DEBUG] cheese - null
[2020-01-25T18:01:49.042] [DEBUG] cheese - null
[2020-01-25T18:01:49.045] [DEBUG] cheese - null
[2020-01-25T18:01:52.237] [DEBUG] cheese - null
[2020-01-25T18:01:52.238] [DEBUG] cheese - null
[2020-01-25T18:01:53.421] [DEBUG] cheese - null
[2020-01-25T18:01:53.424] [DEBUG] cheese - null
[2020-01-25T18:01:59.201] [DEBUG] cheese - login => username:admin,password:123456
[2020-01-25T18:01:59.201] [DEBUG] cheese - admin
[2020-01-25T18:01:59.202] [DEBUG] cheese - null
[2020-01-25T18:01:59.202] [DEBUG] cheese - null
[2020-01-26T13:07:24.764] [DEBUG] cheese - login => username:admin,password:123456
[2020-01-26T13:07:24.764] [DEBUG] cheese - admin
[2020-01-26T13:07:24.767] [DEBUG] cheese - null
[2020-01-26T13:07:24.767] [DEBUG] cheese - null
[2020-01-26T16:04:29.486] [DEBUG] cheese - login => username:admin,password:123456
[2020-01-26T16:04:29.486] [DEBUG] cheese - admin
[2020-01-26T16:04:29.592] [DEBUG] cheese - null
[2020-01-26T16:04:29.592] [DEBUG] cheese - null
[2020-01-26T17:42:27.771] [DEBUG] cheese - login => username:orders,password:123456
[2020-01-26T17:42:27.772] [DEBUG] cheese - orders
[2020-01-26T17:42:27.776] [DEBUG] cheese - null
[2020-01-26T17:42:27.776] [DEBUG] cheese - null
[2020-01-26T17:42:37.026] [DEBUG] cheese - login => username:admin,password:123456
[2020-01-26T17:42:37.026] [DEBUG] cheese - admin
[2020-01-26T17:42:37.031] [DEBUG] cheese - null
[2020-01-26T17:42:37.031] [DEBUG] cheese - null
[2020-01-26T17:42:51.967] [DEBUG] cheese - login => username:good,password:123456
[2020-01-26T17:42:51.967] [DEBUG] cheese - good
[2020-01-26T17:42:51.968] [DEBUG] cheese - null
[2020-01-26T17:42:51.969] [DEBUG] cheese - null
[2020-01-26T17:42:57.198] [DEBUG] cheese - login => username:good,password:123456
[2020-01-26T17:42:57.198] [DEBUG] cheese - good
[2020-01-26T17:42:57.202] [DEBUG] cheese - null
[2020-01-26T17:42:57.202] [DEBUG] cheese - null
[2020-01-26T17:43:03.117] [DEBUG] cheese - login => username:admin,password:123456
[2020-01-26T17:43:03.117] [DEBUG] cheese - admin
[2020-01-26T17:43:03.121] [DEBUG] cheese - null
[2020-01-26T17:43:03.121] [DEBUG] cheese - null
[2020-01-26T17:59:57.263] [DEBUG] cheese - login => username:linken,password:123456
[2020-01-26T17:59:57.263] [DEBUG] cheese - linken
[2020-01-26T17:59:57.266] [DEBUG] cheese - null
[2020-01-26T17:59:57.266] [DEBUG] cheese - null
[2020-01-26T17:59:59.567] [DEBUG] cheese - null
[2020-01-26T17:59:59.571] [DEBUG] cheese - null
[2020-01-26T18:00:00.669] [DEBUG] cheese - null
[2020-01-26T18:00:00.673] [DEBUG] cheese - null
[2020-01-26T18:00:01.722] [DEBUG] cheese - null
[2020-01-26T18:00:01.725] [DEBUG] cheese - null
[2020-01-26T18:00:12.566] [DEBUG] cheese - null
[2020-01-26T18:00:12.571] [DEBUG] cheese - null
[2020-01-26T18:00:13.701] [DEBUG] cheese - null
[2020-01-26T18:00:13.705] [DEBUG] cheese - null
[2020-01-26T18:00:20.653] [DEBUG] cheese - login => username:admin,password:123456
[2020-01-26T18:00:20.653] [DEBUG] cheese - admin
[2020-01-26T18:00:20.657] [DEBUG] cheese - null
[2020-01-26T18:00:20.657] [DEBUG] cheese - null
[2020-01-26T18:01:02.169] [DEBUG] cheese - login => username:admin,password:123456
[2020-01-26T18:01:02.169] [DEBUG] cheese - admin
[2020-01-26T18:01:02.174] [DEBUG] cheese - null
[2020-01-26T18:01:02.174] [DEBUG] cheese - null
[2020-01-26T18:01:11.646] [DEBUG] cheese - login => username:orders,password:123456
[2020-01-26T18:01:11.646] [DEBUG] cheese - orders
[2020-01-26T18:01:11.650] [DEBUG] cheese - null
[2020-01-26T18:01:11.650] [DEBUG] cheese - null
[2020-01-26T18:01:12.416] [DEBUG] cheese - login => username:orders,password:123456
[2020-01-26T18:01:12.416] [DEBUG] cheese - orders
[2020-01-26T18:01:12.421] [DEBUG] cheese - null
[2020-01-26T18:01:12.421] [DEBUG] cheese - null
[2020-01-26T18:01:12.616] [DEBUG] cheese - login => username:orders,password:123456
[2020-01-26T18:01:12.617] [DEBUG] cheese - orders
[2020-01-26T18:01:12.620] [DEBUG] cheese - null
[2020-01-26T18:01:12.621] [DEBUG] cheese - null
[2020-01-26T18:01:15.327] [DEBUG] cheese - login => username:admin,password:123456
[2020-01-26T18:01:15.327] [DEBUG] cheese - admin
[2020-01-26T18:01:15.331] [DEBUG] cheese - null
[2020-01-26T18:01:15.331] [DEBUG] cheese - null
[2020-01-26T22:01:29.107] [DEBUG] cheese - login => username:admin,password:123456
[2020-01-26T22:01:29.107] [DEBUG] cheese - admin
[2020-01-26T22:01:29.113] [DEBUG] cheese - null
[2020-01-26T22:01:29.113] [DEBUG] cheese - null
[2020-01-28T09:54:49.669] [DEBUG] cheese - login => username:admin,password:123456
[2020-01-28T09:54:49.671] [DEBUG] cheese - admin
[2020-01-28T09:54:49.689] [DEBUG] cheese - null
[2020-01-28T09:54:49.690] [DEBUG] cheese - null
[2020-01-28T09:59:40.428] [DEBUG] cheese - login => username:admin,password:123456
[2020-01-28T09:59:40.428] [DEBUG] cheese - admin
[2020-01-28T09:59:40.431] [DEBUG] cheese - null
[2020-01-28T09:59:40.431] [DEBUG] cheese - null
[2020-01-28T12:56:54.555] [DEBUG] cheese - login => username:admin,password:123456
[2020-01-28T12:56:54.555] [DEBUG] cheese - admin
[2020-01-28T12:56:54.558] [DEBUG] cheese - null
[2020-01-28T12:56:54.558] [DEBUG] cheese - null
[2020-01-29T14:09:05.931] [DEBUG] cheese - login => username:admin,password:123456
[2020-01-29T14:09:05.931] [DEBUG] cheese - admin
[2020-01-29T14:09:05.987] [DEBUG] cheese - null
[2020-01-29T14:09:05.987] [DEBUG] cheese - null
[2020-01-30T13:06:03.979] [DEBUG] cheese - login => username:admin,password:123456
[2020-01-30T13:06:03.981] [DEBUG] cheese - admin
[2020-01-30T13:06:03.998] [DEBUG] cheese - null
[2020-01-30T13:06:03.999] [DEBUG] cheese - null
[2020-01-31T15:04:41.057] [DEBUG] cheese - login => username:admin,password:123456
[2020-01-31T15:04:41.059] [DEBUG] cheese - admin
[2020-01-31T15:04:41.091] [DEBUG] cheese - null
[2020-01-31T15:04:41.091] [DEBUG] cheese - null
[2020-01-31T15:16:39.226] [DEBUG] cheese - login => username:admin,password:123456
[2020-01-31T15:16:39.226] [DEBUG] cheese - admin
[2020-01-31T15:16:39.230] [DEBUG] cheese - null
[2020-01-31T15:16:39.230] [DEBUG] cheese - null
[2020-01-31T15:16:57.411] [DEBUG] cheese - login => username:admin,password:123456
[2020-01-31T15:16:57.412] [DEBUG] cheese - admin
[2020-01-31T15:16:57.416] [DEBUG] cheese - null
[2020-01-31T15:16:57.416] [DEBUG] cheese - null
[2020-01-31T16:45:49.514] [DEBUG] cheese - null
[2020-02-01T15:19:52.934] [DEBUG] cheese - login => username:admin,password:123456
[2020-02-01T15:19:52.934] [DEBUG] cheese - admin
[2020-02-01T15:19:52.943] [DEBUG] cheese - null
[2020-02-01T15:19:52.943] [DEBUG] cheese - null
[2020-02-02T10:55:43.884] [DEBUG] cheese - login => username:admin,password:123456
[2020-02-02T10:55:43.884] [DEBUG] cheese - admin
[2020-02-02T10:55:43.887] [DEBUG] cheese - null
[2020-02-02T10:55:43.887] [DEBUG] cheese - null
[2020-02-02T12:23:43.455] [DEBUG] cheese - login => username:admin,password:123456
[2020-02-02T12:23:43.458] [DEBUG] cheese - admin
[2020-02-02T12:23:43.478] [DEBUG] cheese - null
[2020-02-02T12:23:43.478] [DEBUG] cheese - null
[2020-02-02T12:25:57.106] [DEBUG] cheese - login => username:admin,password:123456
[2020-02-02T12:25:57.106] [DEBUG] cheese - admin
[2020-02-02T12:25:57.112] [DEBUG] cheese - null
[2020-02-02T12:25:57.112] [DEBUG] cheese - null
[2020-02-02T12:27:41.624] [DEBUG] cheese - login => username:admin,password:123456
[2020-02-02T12:27:41.624] [DEBUG] cheese - admin
[2020-02-02T12:27:41.630] [DEBUG] cheese - null
[2020-02-02T12:27:41.630] [DEBUG] cheese - null
[2020-02-02T12:28:10.566] [DEBUG] cheese - login => username:admin5,password:123456
[2020-02-02T12:28:10.566] [DEBUG] cheese - admin5
[2020-02-02T12:28:10.570] [DEBUG] cheese - null
[2020-02-02T12:28:10.571] [DEBUG] cheese - null
[2020-02-02T12:28:31.941] [DEBUG] cheese - login => username:admin,password:123456
[2020-02-02T12:28:31.941] [DEBUG] cheese - admin
[2020-02-02T12:28:31.946] [DEBUG] cheese - null
[2020-02-02T12:28:31.946] [DEBUG] cheese - null
[2020-02-02T12:40:46.618] [DEBUG] cheese - login => username:admin,password:123456
[2020-02-02T12:40:46.619] [DEBUG] cheese - admin
[2020-02-02T12:40:46.622] [DEBUG] cheese - null
[2020-02-02T12:40:46.622] [DEBUG] cheese - null
[2020-02-02T12:47:25.040] [DEBUG] cheese - login => username:admin,password:123456
[2020-02-02T12:47:25.040] [DEBUG] cheese - admin
[2020-02-02T12:47:25.043] [DEBUG] cheese - null
[2020-02-02T12:47:25.043] [DEBUG] cheese - null
[2020-02-02T12:59:06.747] [DEBUG] cheese - login => username:admin,password:123456
[2020-02-02T12:59:06.750] [DEBUG] cheese - admin
[2020-02-02T12:59:06.762] [DEBUG] cheese - null
[2020-02-02T12:59:06.762] [DEBUG] cheese - null
[2020-02-02T13:42:31.266] [DEBUG] cheese - login => username:admin,password:123456
[2020-02-02T13:42:31.266] [DEBUG] cheese - admin
[2020-02-02T13:42:31.272] [DEBUG] cheese - null
[2020-02-02T13:42:31.273] [DEBUG] cheese - null
[2020-02-02T13:42:52.236] [DEBUG] cheese - login => username:admin,password:123456
[2020-02-02T13:42:52.237] [DEBUG] cheese - admin
[2020-02-02T13:42:52.241] [DEBUG] cheese - null
[2020-02-02T13:42:52.241] [DEBUG] cheese - null
[2020-02-02T13:43:22.373] [DEBUG] cheese - login => username:admin,password:123456
[2020-02-02T13:43:22.373] [DEBUG] cheese - admin
[2020-02-02T13:43:22.381] [DEBUG] cheese - null
[2020-02-02T13:43:22.382] [DEBUG] cheese - null
[2020-02-02T13:57:57.669] [DEBUG] cheese - login => username:admin,password:123456
[2020-02-02T13:57:57.669] [DEBUG] cheese - admin
[2020-02-02T13:57:57.675] [DEBUG] cheese - null
[2020-02-02T13:57:57.675] [DEBUG] cheese - null
[2020-02-02T14:01:00.834] [DEBUG] cheese - login => username:admin,password:123456
[2020-02-02T14:01:00.836] [DEBUG] cheese - admin
[2020-02-02T14:01:00.875] [DEBUG] cheese - null
[2020-02-02T14:01:00.876] [DEBUG] cheese - null
[2020-02-02T14:28:33.260] [DEBUG] cheese - login => username:admin,password:123456
[2020-02-02T14:28:33.260] [DEBUG] cheese - admin
[2020-02-02T14:28:33.263] [DEBUG] cheese - null
[2020-02-02T14:28:33.263] [DEBUG] cheese - null
[2020-02-02T14:35:49.467] [DEBUG] cheese - login => username:admin,password:123456
[2020-02-02T14:35:49.467] [DEBUG] cheese - admin
[2020-02-02T14:35:49.470] [DEBUG] cheese - null
[2020-02-02T14:35:49.470] [DEBUG] cheese - null
[2020-02-02T15:29:21.354] [DEBUG] cheese - login => username:admin,password:123456
[2020-02-02T15:29:21.354] [DEBUG] cheese - admin
[2020-02-02T15:29:21.363] [DEBUG] cheese - null
[2020-02-02T15:29:21.363] [DEBUG] cheese - null
[2020-02-02T15:34:42.350] [DEBUG] cheese - login => username:admin,password:123456
[2020-02-02T15:34:42.350] [DEBUG] cheese - admin
[2020-02-02T15:34:42.352] [DEBUG] cheese - null
[2020-02-02T15:34:42.353] [DEBUG] cheese - null
[2020-02-02T16:01:32.433] [DEBUG] cheese - login => username:admin,password:123456
[2020-02-02T16:01:32.433] [DEBUG] cheese - admin
[2020-02-02T16:01:32.435] [DEBUG] cheese - null
[2020-02-02T16:01:32.435] [DEBUG] cheese - null
[2020-02-02T16:11:20.413] [DEBUG] cheese - login => username:admin,password:123456
[2020-02-02T16:11:20.413] [DEBUG] cheese - admin
[2020-02-02T16:11:20.414] [DEBUG] cheese - null
[2020-02-02T16:11:20.414] [DEBUG] cheese - null
[2020-02-05T13:54:07.684] [DEBUG] cheese - login => username:admin,password:123456
[2020-02-05T13:54:07.685] [DEBUG] cheese - admin
[2020-02-05T13:54:07.719] [DEBUG] cheese - null
[2020-02-05T13:54:07.719] [DEBUG] cheese - null
[2020-02-14T17:01:46.873] [DEBUG] cheese - login => username:admin,password:123456
[2020-02-14T17:01:46.876] [DEBUG] cheese - admin
[2020-02-14T17:01:46.900] [DEBUG] cheese - null
[2020-02-14T17:01:46.901] [DEBUG] cheese - null
[2020-02-14T17:50:21.591] [DEBUG] cheese - login => username:admin,password:123456
[2020-02-14T17:50:21.594] [DEBUG] cheese - admin
[2020-02-14T17:50:21.604] [DEBUG] cheese - null
[2020-02-14T17:50:21.604] [DEBUG] cheese - null
[2020-02-14T17:51:46.243] [DEBUG] cheese - login => username:report,password:123456
[2020-02-14T17:51:46.244] [DEBUG] cheese - report
[2020-02-14T17:51:46.247] [DEBUG] cheese - null
[2020-02-14T17:51:46.247] [DEBUG] cheese - null
[2020-02-14T17:51:51.927] [DEBUG] cheese - login => username:admin,password:123456
[2020-02-14T17:51:51.928] [DEBUG] cheese - admin
[2020-02-14T17:51:51.930] [DEBUG] cheese - null
[2020-02-14T17:51:51.930] [DEBUG] cheese - null
[2020-02-14T17:53:05.427] [DEBUG] cheese - login => username:author,password:123456
[2020-02-14T17:53:05.427] [DEBUG] cheese - author
[2020-02-14T17:53:05.429] [DEBUG] cheese - null
[2020-02-14T17:53:05.429] [DEBUG] cheese - null
[2020-02-14T17:53:07.947] [DEBUG] cheese - null
[2020-02-14T17:53:07.949] [DEBUG] cheese - null
[2020-02-14T17:53:13.294] [DEBUG] cheese - null
[2020-02-14T17:53:13.296] [DEBUG] cheese - null
[2020-02-14T17:53:14.599] [DEBUG] cheese - null
[2020-02-14T17:53:14.601] [DEBUG] cheese - null
[2020-02-14T17:53:23.043] [DEBUG] cheese - login => username:admin,password:123456
[2020-02-14T17:53:23.043] [DEBUG] cheese - admin
[2020-02-14T17:53:23.045] [DEBUG] cheese - null
[2020-02-14T17:53:23.045] [DEBUG] cheese - null
[2020-02-15T13:35:26.258] [DEBUG] cheese - login => username:admin,password:123456
[2020-02-15T13:35:26.259] [DEBUG] cheese - admin
[2020-02-15T13:35:26.261] [DEBUG] cheese - null
[2020-02-15T13:35:26.261] [DEBUG] cheese - null
[2020-02-16T12:38:14.875] [DEBUG] cheese - login => username:admin,password:123456
[2020-02-16T12:38:14.875] [DEBUG] cheese - admin
[2020-02-16T12:38:14.885] [DEBUG] cheese - null
[2020-02-16T12:38:14.885] [DEBUG] cheese - null
[2020-02-19T12:23:52.880] [DEBUG] cheese - login => username:admin,password:123456
[2020-02-19T12:23:52.880] [DEBUG] cheese - admin
[2020-02-19T12:23:52.886] [DEBUG] cheese - null
[2020-02-19T12:23:52.887] [DEBUG] cheese - null
[2020-02-19T12:26:17.173] [DEBUG] cheese - login => username:admin,password:123456
[2020-02-19T12:26:17.173] [DEBUG] cheese - admin
[2020-02-19T12:26:17.176] [DEBUG] cheese - null
[2020-02-19T12:26:17.176] [DEBUG] cheese - null
[2020-02-19T12:27:14.420] [DEBUG] cheese - login => username:admin,password:123456
[2020-02-19T12:27:14.420] [DEBUG] cheese - admin
[2020-02-19T12:27:14.422] [DEBUG] cheese - null
[2020-02-19T12:27:14.423] [DEBUG] cheese - null
[2020-02-25T03:10:46.626] [DEBUG] cheese - login => username:admin,password:123456
[2020-02-25T03:10:46.629] [DEBUG] cheese - admin
[2020-02-25T03:10:46.663] [DEBUG] cheese - null
[2020-02-25T03:10:46.663] [DEBUG] cheese - null
[2020-02-25T03:12:31.943] [DEBUG] cheese - login => username:goods,password:123456
[2020-02-25T03:12:31.943] [DEBUG] cheese - goods
[2020-02-25T03:12:31.945] [DEBUG] cheese - null
[2020-02-25T03:12:31.945] [DEBUG] cheese - null
[2020-02-25T03:12:34.412] [DEBUG] cheese - login => username:admin,password:123456
[2020-02-25T03:12:34.412] [DEBUG] cheese - admin
[2020-02-25T03:12:34.415] [DEBUG] cheese - null
[2020-02-25T03:12:34.415] [DEBUG] cheese - null
[2020-02-25T03:12:53.832] [DEBUG] cheese - login => username:good,password:123456
[2020-02-25T03:12:53.832] [DEBUG] cheese - good
[2020-02-25T03:12:53.835] [DEBUG] cheese - null
[2020-02-25T03:12:53.835] [DEBUG] cheese - null
[2020-02-25T03:13:04.899] [DEBUG] cheese - login => username:goods,password:123456
[2020-02-25T03:13:04.899] [DEBUG] cheese - goods
[2020-02-25T03:13:04.901] [DEBUG] cheese - null
[2020-02-25T03:13:04.901] [DEBUG] cheese - null
[2020-02-25T03:13:08.296] [DEBUG] cheese - null
[2020-02-25T03:13:08.298] [DEBUG] cheese - null
[2020-02-25T03:13:24.035] [DEBUG] cheese - null
[2020-02-25T03:13:24.038] [DEBUG] cheese - null
[2020-02-25T03:13:28.201] [DEBUG] cheese - null
[2020-02-25T03:13:28.203] [DEBUG] cheese - null
[2020-02-25T03:13:51.407] [DEBUG] cheese - null
[2020-02-25T03:13:51.410] [DEBUG] cheese - null
[2020-02-25T03:13:56.478] [DEBUG] cheese - null
[2020-02-25T03:13:56.480] [DEBUG] cheese - null
[2020-02-25T03:13:59.727] [DEBUG] cheese - null
[2020-02-25T03:13:59.729] [DEBUG] cheese - null
[2020-02-25T03:14:04.221] [DEBUG] cheese - null
[2020-02-25T03:14:04.224] [DEBUG] cheese - null
[2020-02-25T03:14:04.272] [DEBUG] cheese - null
[2020-02-25T03:14:04.273] [DEBUG] cheese - null
[2020-02-25T03:14:12.593] [DEBUG] cheese - login => username:goods,password:123456
[2020-02-25T03:14:12.593] [DEBUG] cheese - goods
[2020-02-25T03:14:12.596] [DEBUG] cheese - null
[2020-02-25T03:14:12.596] [DEBUG] cheese - null
[2020-02-25T03:14:15.186] [DEBUG] cheese - null
[2020-02-25T03:14:15.188] [DEBUG] cheese - null
[2020-02-25T03:14:16.064] [DEBUG] cheese - null
[2020-02-25T03:14:16.065] [DEBUG] cheese - null
[2020-02-25T03:14:17.239] [DEBUG] cheese - null
[2020-02-25T03:14:17.241] [DEBUG] cheese - null
[2020-02-25T03:14:23.251] [DEBUG] cheese - login => username:admin,password:123456
[2020-02-25T03:14:23.251] [DEBUG] cheese - admin
[2020-02-25T03:14:23.253] [DEBUG] cheese - null
[2020-02-25T03:14:23.253] [DEBUG] cheese - null
[2020-02-25T03:16:13.919] [DEBUG] cheese - login => username:goods,password:123456
[2020-02-25T03:16:13.919] [DEBUG] cheese - goods
[2020-02-25T03:16:13.920] [DEBUG] cheese - null
[2020-02-25T03:16:13.921] [DEBUG] cheese - null
[2020-02-25T03:16:17.235] [DEBUG] cheese - null
[2020-02-25T03:16:17.236] [DEBUG] cheese - null
[2020-02-25T03:16:20.234] [DEBUG] cheese - null
[2020-02-25T03:16:20.239] [DEBUG] cheese - null
[2020-02-25T03:16:21.420] [DEBUG] cheese - null
[2020-02-25T03:16:21.427] [DEBUG] cheese - null
[2020-02-25T03:16:28.501] [DEBUG] cheese - login => username:admin,password:123456
[2020-02-25T03:16:28.502] [DEBUG] cheese - admin
[2020-02-25T03:16:28.513] [DEBUG] cheese - null
[2020-02-25T03:16:28.513] [DEBUG] cheese - null
[2020-02-25T03:23:35.712] [DEBUG] cheese - login => username:admin,password:123456
[2020-02-25T03:23:35.712] [DEBUG] cheese - admin
[2020-02-25T03:23:35.715] [DEBUG] cheese - null
[2020-02-25T03:23:35.715] [DEBUG] cheese - null
[2020-02-25T03:25:38.822] [DEBUG] cheese - null
[2020-02-25T03:26:05.449] [DEBUG] cheese - login => username:linken,password:123456
[2020-02-25T03:26:05.450] [DEBUG] cheese - linken
[2020-02-25T03:26:05.451] [DEBUG] cheese - null
[2020-02-25T03:26:05.451] [DEBUG] cheese - null
[2020-02-25T03:26:07.914] [DEBUG] cheese - null
[2020-02-25T03:26:12.458] [DEBUG] cheese - null
[2020-02-25T03:26:18.375] [DEBUG] cheese - null
[2020-02-25T03:26:18.377] [DEBUG] cheese - null
[2020-02-25T03:26:21.334] [DEBUG] cheese - null
[2020-02-25T03:26:21.335] [DEBUG] cheese - null
[2020-02-25T03:26:22.151] [DEBUG] cheese - null
[2020-02-25T03:26:22.153] [DEBUG] cheese - null
[2020-02-25T03:26:22.799] [DEBUG] cheese - null
[2020-02-25T03:26:22.801] [DEBUG] cheese - null
[2020-02-25T03:26:25.970] [DEBUG] cheese - login => username:admin,password:123456
[2020-02-25T03:26:25.970] [DEBUG] cheese - admin
[2020-02-25T03:26:25.972] [DEBUG] cheese - null
[2020-02-25T03:26:25.972] [DEBUG] cheese - null
[2020-02-25T03:44:58.658] [DEBUG] cheese - login => username:admin,password:123456
[2020-02-25T03:44:58.658] [DEBUG] cheese - admin
[2020-02-25T03:44:58.660] [DEBUG] cheese - null
[2020-02-25T03:44:58.660] [DEBUG] cheese - null
[2020-02-25T09:35:09.360] [DEBUG] cheese - login => username:admin,password:123456
[2020-02-25T09:35:09.360] [DEBUG] cheese - admin
[2020-02-25T09:35:09.361] [DEBUG] cheese - null
[2020-02-25T09:35:09.361] [DEBUG] cheese - null
[2020-02-25T09:35:20.332] [DEBUG] cheese - login => username:goods,password:123456
[2020-02-25T09:35:20.333] [DEBUG] cheese - goods
[2020-02-25T09:35:20.335] [DEBUG] cheese - null
[2020-02-25T09:35:20.335] [DEBUG] cheese - null
[2020-02-25T09:35:22.817] [DEBUG] cheese - null
[2020-02-25T09:35:22.819] [DEBUG] cheese - null
[2020-02-25T09:35:23.402] [DEBUG] cheese - null
[2020-02-25T09:35:23.404] [DEBUG] cheese - null
[2020-02-25T09:35:31.430] [DEBUG] cheese - login => username:author,password:123456
[2020-02-25T09:35:31.430] [DEBUG] cheese - author
[2020-02-25T09:35:31.432] [DEBUG] cheese - null
[2020-02-25T09:35:31.432] [DEBUG] cheese - null
[2020-02-25T09:35:33.625] [DEBUG] cheese - null
[2020-02-25T09:35:33.626] [DEBUG] cheese - null
[2020-02-25T09:35:34.109] [DEBUG] cheese - null
[2020-02-25T09:35:34.110] [DEBUG] cheese - null
[2020-02-25T09:36:07.230] [DEBUG] cheese - login => username:admin,password:123456
[2020-02-25T09:36:07.230] [DEBUG] cheese - admin
[2020-02-25T09:36:07.233] [DEBUG] cheese - null
[2020-02-25T09:36:07.233] [DEBUG] cheese - null
[2020-02-25T09:36:57.448] [DEBUG] cheese - login => username:test,password:123456
[2020-02-25T09:36:57.448] [DEBUG] cheese - test
[2020-02-25T09:36:57.450] [DEBUG] cheese - null
[2020-02-25T09:36:57.451] [DEBUG] cheese - null
[2020-02-25T09:36:59.390] [DEBUG] cheese - login => username:admin,password:123456
[2020-02-25T09:36:59.390] [DEBUG] cheese - admin
[2020-02-25T09:36:59.392] [DEBUG] cheese - null
[2020-02-25T09:36:59.392] [DEBUG] cheese - null
[2020-02-25T09:37:20.461] [DEBUG] cheese - login => username:test,password:123456
[2020-02-25T09:37:20.461] [DEBUG] cheese - test
[2020-02-25T09:37:20.463] [DEBUG] cheese - null
[2020-02-25T09:37:20.463] [DEBUG] cheese - null
[2020-02-25T09:37:22.733] [DEBUG] cheese - null
[2020-02-25T09:37:22.734] [DEBUG] cheese - null
[2020-02-25T09:37:26.423] [DEBUG] cheese - login => username:admin,password:123456
[2020-02-25T09:37:26.424] [DEBUG] cheese - admin
[2020-02-25T09:37:26.425] [DEBUG] cheese - null
[2020-02-25T09:37:26.425] [DEBUG] cheese - null
[2020-02-25T09:37:34.639] [DEBUG] cheese - null
[2020-02-25T09:37:38.764] [DEBUG] cheese - null
[2020-02-25T09:37:44.419] [DEBUG] cheese - login => username:test,password:123456
[2020-02-25T09:37:44.419] [DEBUG] cheese - test
[2020-02-25T09:37:44.422] [DEBUG] cheese - null
[2020-02-25T09:37:44.422] [DEBUG] cheese - null
[2020-02-25T09:52:10.526] [DEBUG] cheese - null
[2020-02-25T09:52:10.528] [DEBUG] cheese - null
[2020-02-25T09:52:11.905] [DEBUG] cheese - null
[2020-02-25T09:52:11.906] [DEBUG] cheese - null
[2020-02-25T09:52:13.187] [DEBUG] cheese - null
[2020-02-25T09:52:13.189] [DEBUG] cheese - null
[2020-02-25T09:52:15.056] [DEBUG] cheese - null
[2020-02-25T09:52:15.057] [DEBUG] cheese - null
[2020-02-25T09:52:25.023] [DEBUG] cheese - null
[2020-02-25T09:52:25.024] [DEBUG] cheese - null
[2020-02-25T09:52:26.311] [DEBUG] cheese - null
[2020-02-25T09:52:26.312] [DEBUG] cheese - null
[2020-03-08T23:33:06.424] [DEBUG] cheese - login => username:admin,password:123456
[2020-03-08T23:33:06.428] [DEBUG] cheese - admin
[2020-03-08T23:33:06.483] [DEBUG] cheese - null
[2020-03-08T23:33:06.484] [DEBUG] cheese - null
[2020-03-08T23:33:18.033] [DEBUG] cheese - login => username:admin,password:123456
[2020-03-08T23:33:18.033] [DEBUG] cheese - admin
[2020-03-08T23:33:18.039] [DEBUG] cheese - null
[2020-03-08T23:33:18.039] [DEBUG] cheese - null
[2020-05-10T14:25:31.868] [DEBUG] cheese - login => username:admin,password:123456
[2020-05-10T14:25:31.870] [DEBUG] cheese - admin
[2020-05-10T14:25:31.873] [DEBUG] cheese - null
[2020-05-10T14:25:31.874] [DEBUG] cheese - null
[2020-05-10T15:07:35.379] [DEBUG] cheese - login => username:admin,password:123456
[2020-05-10T15:07:35.380] [DEBUG] cheese - admin
[2020-05-10T15:07:35.383] [DEBUG] cheese - null
[2020-05-10T15:07:35.384] [DEBUG] cheese - null
[2020-05-10T19:03:52.723] [DEBUG] cheese - null
[2020-05-10T20:19:05.862] [DEBUG] cheese - null
[2020-05-10T20:19:08.042] [DEBUG] cheese - null
[2020-05-10T20:19:14.916] [DEBUG] cheese - null
[2020-05-10T20:20:50.707] [DEBUG] cheese - null
[2020-05-10T20:34:35.234] [DEBUG] cheese - null
[2020-05-10T21:08:59.662] [DEBUG] cheese - null
[2020-05-10T21:09:16.626] [DEBUG] cheese - null
[2020-05-10T21:15:11.631] [DEBUG] cheese - login => username:admin,password:123456
[2020-05-10T21:15:11.631] [DEBUG] cheese - admin
[2020-05-10T21:15:11.642] [DEBUG] cheese - null
[2020-05-10T21:15:11.642] [DEBUG] cheese - null
[2020-05-10T21:15:41.909] [DEBUG] cheese - null
[2020-05-10T21:18:11.022] [DEBUG] cheese - null
[2020-05-10T21:20:39.783] [DEBUG] cheese - null
[2020-05-10T21:20:45.997] [DEBUG] cheese - null
[2020-05-10T21:20:50.276] [DEBUG] cheese - null
[2020-05-10T21:21:09.950] [DEBUG] cheese - null
[2020-05-10T21:21:39.098] [DEBUG] cheese - null
[2020-05-10T21:21:57.069] [DEBUG] cheese - null
[2020-05-10T21:22:59.172] [DEBUG] cheese - null
[2020-05-10T21:23:19.060] [DEBUG] cheese - null
[2020-05-10T21:23:22.356] [DEBUG] cheese - null
[2020-05-10T21:24:14.849] [DEBUG] cheese - null
[2020-05-11T18:50:51.339] [DEBUG] cheese - login => username:admin,password:123456
[2020-05-11T18:50:51.341] [DEBUG] cheese - admin
[2020-05-11T18:50:51.399] [DEBUG] cheese - null
[2020-05-11T18:50:51.399] [DEBUG] cheese - null
[2020-05-11T19:11:07.509] [DEBUG] cheese - login => username:admin,password:123456
[2020-05-11T19:11:07.509] [DEBUG] cheese - admin
[2020-05-11T19:11:07.512] [DEBUG] cheese - null
[2020-05-11T19:11:07.513] [DEBUG] cheese - null
[2020-05-11T19:14:58.951] [DEBUG] cheese - login => username:admin,password:123456
[2020-05-11T19:14:58.951] [DEBUG] cheese - admin
[2020-05-11T19:14:58.955] [DEBUG] cheese - null
[2020-05-11T19:14:58.955] [DEBUG] cheese - null
[2020-05-11T19:15:12.212] [DEBUG] cheese - login => username:admin,password:123456
[2020-05-11T19:15:12.212] [DEBUG] cheese - admin
[2020-05-11T19:15:12.214] [DEBUG] cheese - null
[2020-05-11T19:15:12.214] [DEBUG] cheese - null
[2020-05-11T19:17:08.497] [DEBUG] cheese - null
[2020-11-04T18:48:20.164] [DEBUG] cheese - login => username:admin,password:123456
[2020-11-04T18:48:20.165] [DEBUG] cheese - admin
[2020-11-04T18:48:20.199] [DEBUG] cheese - null
[2020-11-04T18:48:20.199] [DEBUG] cheese - null
[2020-11-04T19:00:59.375] [DEBUG] cheese - login => username:admin,password:123456
[2020-11-04T19:00:59.378] [DEBUG] cheese - admin
[2020-11-04T19:00:59.390] [DEBUG] cheese - null
[2020-11-04T19:00:59.391] [DEBUG] cheese - null
[2020-11-09T18:28:19.222] [DEBUG] cheese - login => username:admin,password:123456
[2020-11-09T18:28:19.224] [DEBUG] cheese - admin
[2020-11-09T18:28:19.245] [DEBUG] cheese - null
[2020-11-09T18:28:19.246] [DEBUG] cheese - null
[2020-11-09T18:29:07.298] [DEBUG] cheese - login => username:admin,password:123456
[2020-11-09T18:29:07.298] [DEBUG] cheese - admin
[2020-11-09T18:29:07.300] [DEBUG] cheese - null
[2020-11-09T18:29:07.300] [DEBUG] cheese - null
[2020-11-09T19:13:35.346] [DEBUG] cheese - login => username:admin,password:123456
[2020-11-09T19:13:35.346] [DEBUG] cheese - admin
[2020-11-09T19:13:35.348] [DEBUG] cheese - null
[2020-11-09T19:13:35.349] [DEBUG] cheese - null
[2020-11-09T19:14:48.226] [DEBUG] cheese - login => username:admin,password:123456
[2020-11-09T19:14:48.226] [DEBUG] cheese - admin
[2020-11-09T19:14:48.228] [DEBUG] cheese - null
[2020-11-09T19:14:48.228] [DEBUG] cheese - null
[2020-11-09T19:15:03.880] [DEBUG] cheese - login => username:admin,password:123456
[2020-11-09T19:15:03.880] [DEBUG] cheese - admin
[2020-11-09T19:15:03.882] [DEBUG] cheese - null
[2020-11-09T19:15:03.882] [DEBUG] cheese - null
[2020-11-09T19:16:13.767] [DEBUG] cheese - login => username:admin,password:123456
[2020-11-09T19:16:13.768] [DEBUG] cheese - admin
[2020-11-09T19:16:13.770] [DEBUG] cheese - null
[2020-11-09T19:16:13.770] [DEBUG] cheese - null
[2020-11-09T19:16:46.314] [DEBUG] cheese - login => username:admin,password:123456
[2020-11-09T19:16:46.314] [DEBUG] cheese - admin
[2020-11-09T19:16:46.316] [DEBUG] cheese - null
[2020-11-09T19:16:46.316] [DEBUG] cheese - null
[2020-11-09T19:17:05.377] [DEBUG] cheese - login => username:admin,password:123456
[2020-11-09T19:17:05.377] [DEBUG] cheese - admin
[2020-11-09T19:17:05.379] [DEBUG] cheese - null
[2020-11-09T19:17:05.379] [DEBUG] cheese - null
[2020-11-09T19:17:24.711] [DEBUG] cheese - login => username:admin,password:123456
[2020-11-09T19:17:24.711] [DEBUG] cheese - admin
[2020-11-09T19:17:24.713] [DEBUG] cheese - null
[2020-11-09T19:17:24.713] [DEBUG] cheese - null
[2020-11-09T19:17:53.130] [DEBUG] cheese - login => username:admin,password:123456
[2020-11-09T19:17:53.130] [DEBUG] cheese - admin
[2020-11-09T19:17:53.131] [DEBUG] cheese - null
[2020-11-09T19:17:53.131] [DEBUG] cheese - null
[2020-11-09T19:18:27.047] [DEBUG] cheese - login => username:admin,password:123456
[2020-11-09T19:18:27.047] [DEBUG] cheese - admin
[2020-11-09T19:18:27.048] [DEBUG] cheese - null
[2020-11-09T19:18:27.048] [DEBUG] cheese - null
[2020-11-09T19:27:04.153] [DEBUG] cheese - login => username:admin,password:123456
[2020-11-09T19:27:04.153] [DEBUG] cheese - admin
[2020-11-09T19:27:04.156] [DEBUG] cheese - null
[2020-11-09T19:27:04.156] [DEBUG] cheese - null
[2020-11-09T19:27:29.913] [DEBUG] cheese - login => username:admin,password:123456
[2020-11-09T19:27:29.913] [DEBUG] cheese - admin
[2020-11-09T19:27:29.915] [DEBUG] cheese - null
[2020-11-09T19:27:29.915] [DEBUG] cheese - null
[2020-11-09T19:28:08.753] [DEBUG] cheese - login => username:admin,password:123456
[2020-11-09T19:28:08.753] [DEBUG] cheese - admin
[2020-11-09T19:28:08.755] [DEBUG] cheese - null
[2020-11-09T19:28:08.755] [DEBUG] cheese - null
[2020-11-10T19:20:50.828] [DEBUG] cheese - login => username:admin,password:123456
[2020-11-10T19:20:50.834] [DEBUG] cheese - admin
[2020-11-10T19:20:50.879] [DEBUG] cheese - null
[2020-11-10T19:20:50.880] [DEBUG] cheese - null
[2020-11-10T19:44:28.448] [DEBUG] cheese - login => username:admin,password:123456
[2020-11-10T19:44:28.448] [DEBUG] cheese - admin
[2020-11-10T19:44:28.452] [DEBUG] cheese - null
[2020-11-10T19:44:28.452] [DEBUG] cheese - null
[2020-11-10T19:44:32.005] [DEBUG] cheese - login => username:admin,password:123456
[2020-11-10T19:44:32.005] [DEBUG] cheese - admin
[2020-11-10T19:44:32.008] [DEBUG] cheese - null
[2020-11-10T19:44:32.008] [DEBUG] cheese - null
[2020-11-11T14:13:45.894] [DEBUG] cheese - login => username:admin,password:123456
[2020-11-11T14:13:45.902] [DEBUG] cheese - admin
[2020-11-11T14:13:45.956] [DEBUG] cheese - null
[2020-11-11T14:13:45.958] [DEBUG] cheese - null
[2020-11-11T14:13:53.758] [DEBUG] cheese - login => username:admin,password:123456
[2020-11-11T14:13:53.759] [DEBUG] cheese - admin
[2020-11-11T14:13:53.766] [DEBUG] cheese - null
[2020-11-11T14:13:53.766] [DEBUG] cheese - null
[2020-11-11T14:16:28.635] [DEBUG] cheese - login => username:admin,password:123456
[2020-11-11T14:16:28.635] [DEBUG] cheese - admin
[2020-11-11T14:16:28.641] [DEBUG] cheese - null
[2020-11-11T14:16:28.641] [DEBUG] cheese - null
[2020-11-11T14:16:28.756] [DEBUG] cheese - login => username:admin,password:123456
[2020-11-11T14:16:28.756] [DEBUG] cheese - admin
[2020-11-11T14:16:28.771] [DEBUG] cheese - null
[2020-11-11T14:16:28.772] [DEBUG] cheese - null
[2020-11-13T16:45:31.668] [DEBUG] cheese - login => username:admin,password:123456
[2020-11-13T16:45:31.669] [DEBUG] cheese - admin
[2020-11-13T16:45:31.694] [DEBUG] cheese - null
[2020-11-13T16:45:31.694] [DEBUG] cheese - null
[2020-11-13T18:05:02.724] [DEBUG] cheese - login => username:admin,password:123456
[2020-11-13T18:05:02.725] [DEBUG] cheese - admin
[2020-11-13T18:05:02.734] [DEBUG] cheese - null
[2020-11-13T18:05:02.734] [DEBUG] cheese - null
[2020-11-16T17:00:45.016] [DEBUG] cheese - login => username:admin,password:123456
[2020-11-16T17:00:45.018] [DEBUG] cheese - admin
[2020-11-16T17:00:45.041] [DEBUG] cheese - null
[2020-11-16T17:00:45.041] [DEBUG] cheese - null
[2020-11-17T15:41:37.003] [DEBUG] cheese - login => username:admin,password:123456
[2020-11-17T15:41:37.006] [DEBUG] cheese - admin
[2020-11-17T15:41:37.031] [DEBUG] cheese - null
[2020-11-17T15:41:37.031] [DEBUG] cheese - null
[2020-11-17T15:43:07.608] [DEBUG] cheese - login => username:admin,password:123456
[2020-11-17T15:43:07.608] [DEBUG] cheese - admin
[2020-11-17T15:43:07.611] [DEBUG] cheese - null
[2020-11-17T15:43:07.611] [DEBUG] cheese - null
[2020-11-17T15:44:14.311] [DEBUG] cheese - login => username:admin,password:123456
[2020-11-17T15:44:14.311] [DEBUG] cheese - admin
[2020-11-17T15:44:14.313] [DEBUG] cheese - null
[2020-11-17T15:44:14.313] [DEBUG] cheese - null
[2020-11-17T16:53:28.625] [DEBUG] cheese - login => username:admin,password:123456
[2020-11-17T16:53:28.625] [DEBUG] cheese - admin
[2020-11-17T16:53:28.630] [DEBUG] cheese - null
[2020-11-17T16:53:28.630] [DEBUG] cheese - null
[2020-11-17T17:09:25.181] [DEBUG] cheese - login => username:admin,password:123456
[2020-11-17T17:09:25.182] [DEBUG] cheese - admin
[2020-11-17T17:09:25.184] [DEBUG] cheese - null
[2020-11-17T17:09:25.184] [DEBUG] cheese - null
[2020-11-19T19:10:30.506] [DEBUG] cheese - login => username:admin,password:123456
[2020-11-19T19:10:30.507] [DEBUG] cheese - admin
[2020-11-19T19:10:30.526] [DEBUG] cheese - null
[2020-11-19T19:10:30.526] [DEBUG] cheese - null
[2020-11-23T16:26:48.243] [DEBUG] cheese - login => username:admin,password:123456
[2020-11-23T16:26:48.245] [DEBUG] cheese - admin
[2020-11-23T16:26:48.271] [DEBUG] cheese - null
[2020-11-23T16:26:48.272] [DEBUG] cheese - null
[2020-11-23T16:39:26.200] [DEBUG] cheese - login => username:admin,password:123456
[2020-11-23T16:39:26.200] [DEBUG] cheese - admin
[2020-11-23T16:39:26.203] [DEBUG] cheese - null
[2020-11-23T16:39:26.204] [DEBUG] cheese - null
[2020-11-24T11:31:38.211] [DEBUG] cheese - login => username:admin,password:123456
[2020-11-24T11:31:38.219] [DEBUG] cheese - admin
[2020-11-24T11:31:38.244] [DEBUG] cheese - null
[2020-11-24T11:31:38.245] [DEBUG] cheese - null
[2020-11-24T11:34:35.772] [DEBUG] cheese - login => username:admin,password:123456
[2020-11-24T11:34:35.773] [DEBUG] cheese - admin
[2020-11-24T11:34:35.777] [DEBUG] cheese - null
[2020-11-24T11:34:35.778] [DEBUG] cheese - null
[2020-11-24T11:43:36.772] [DEBUG] cheese - login => username:admin,password:123456
[2020-11-24T11:43:36.772] [DEBUG] cheese - admin
[2020-11-24T11:43:36.775] [DEBUG] cheese - null
[2020-11-24T11:43:36.775] [DEBUG] cheese - null
[2020-11-24T14:33:18.330] [DEBUG] cheese - login => username:admin,password:123456
[2020-11-24T14:33:18.331] [DEBUG] cheese - admin
[2020-11-24T14:33:18.341] [DEBUG] cheese - null
[2020-11-24T14:33:18.341] [DEBUG] cheese - null
[2020-11-24T14:40:02.896] [DEBUG] cheese - login => username:admin,password:123456
[2020-11-24T14:40:02.896] [DEBUG] cheese - admin
[2020-11-24T14:40:02.900] [DEBUG] cheese - null
[2020-11-24T14:40:02.901] [DEBUG] cheese - null
[2020-11-24T14:40:17.319] [DEBUG] cheese - login => username:admin,password:123456
[2020-11-24T14:40:17.319] [DEBUG] cheese - admin
[2020-11-24T14:40:17.324] [DEBUG] cheese - null
[2020-11-24T14:40:17.324] [DEBUG] cheese - null
[2020-11-24T14:41:13.321] [DEBUG] cheese - login => username:admin,password:123456
[2020-11-24T14:41:13.321] [DEBUG] cheese - admin
[2020-11-24T14:41:13.323] [DEBUG] cheese - null
[2020-11-24T14:41:13.323] [DEBUG] cheese - null
[2020-11-24T15:12:39.427] [DEBUG] cheese - login => username:admin,password:123456
[2020-11-24T15:12:39.427] [DEBUG] cheese - admin
[2020-11-24T15:12:39.429] [DEBUG] cheese - null
[2020-11-24T15:12:39.430] [DEBUG] cheese - null
[2020-11-24T15:59:27.883] [DEBUG] cheese - login => username:admin,password:123456
[2020-11-24T15:59:27.884] [DEBUG] cheese - admin
[2020-11-24T15:59:27.889] [DEBUG] cheese - null
[2020-11-24T15:59:27.889] [DEBUG] cheese - null
[2020-11-24T16:01:55.043] [DEBUG] cheese - login => username:admin,password:123456
[2020-11-24T16:01:55.044] [DEBUG] cheese - admin
[2020-11-24T16:01:55.049] [DEBUG] cheese - null
[2020-11-24T16:01:55.049] [DEBUG] cheese - null
[2020-11-24T20:19:45.730] [DEBUG] cheese - login => username:admin,password:123456
[2020-11-24T20:19:45.731] [DEBUG] cheese - admin
[2020-11-24T20:19:45.737] [DEBUG] cheese - null
[2020-11-24T20:19:45.737] [DEBUG] cheese - null
[2020-11-25T16:21:09.324] [DEBUG] cheese - login => username:admin,password:123456
[2020-11-25T16:21:09.325] [DEBUG] cheese - admin
[2020-11-25T16:21:09.328] [DEBUG] cheese - null
[2020-11-25T16:21:09.328] [DEBUG] cheese - null
[2020-11-25T16:48:28.998] [DEBUG] cheese - null
[2020-11-25T16:54:15.430] [DEBUG] cheese - null
[2020-11-26T12:06:53.141] [DEBUG] cheese - login => username:admin,password:123456
[2020-11-26T12:06:53.142] [DEBUG] cheese - admin
[2020-11-26T12:06:53.167] [DEBUG] cheese - null
[2020-11-26T12:06:53.168] [DEBUG] cheese - null
[2020-11-26T14:45:09.363] [DEBUG] cheese - login => username:admin,password:123456
[2020-11-26T14:45:09.364] [DEBUG] cheese - admin
[2020-11-26T14:45:09.368] [DEBUG] cheese - null
[2020-11-26T14:45:09.368] [DEBUG] cheese - null
[2020-11-26T18:05:12.698] [DEBUG] cheese - login => username:admin,password:123456
[2020-11-26T18:05:12.699] [DEBUG] cheese - admin
[2020-11-26T18:05:12.704] [DEBUG] cheese - null
[2020-11-26T18:05:12.704] [DEBUG] cheese - null
[2020-11-26T19:13:51.117] [DEBUG] cheese - null
[2020-11-27T14:05:18.661] [DEBUG] cheese - login => username:admin,password:123456
[2020-11-27T14:05:18.662] [DEBUG] cheese - admin
[2020-11-27T14:05:18.682] [DEBUG] cheese - null
[2020-11-27T14:05:18.683] [DEBUG] cheese - null
[2020-11-27T14:21:48.626] [DEBUG] cheese - login => username:admin,password:123456
[2020-11-27T14:21:48.626] [DEBUG] cheese - admin
[2020-11-27T14:21:48.628] [DEBUG] cheese - null
[2020-11-27T14:21:48.628] [DEBUG] cheese - null
[2020-11-27T14:49:51.067] [DEBUG] cheese - null
[2020-11-27T14:55:04.322] [DEBUG] cheese - null
[2020-11-27T14:57:58.005] [DEBUG] cheese - null
[2020-11-27T17:31:12.578] [DEBUG] cheese - login => username:admin,password:123456
[2020-11-27T17:31:12.580] [DEBUG] cheese - admin
[2020-11-27T17:31:12.586] [DEBUG] cheese - null
[2020-11-27T17:31:12.587] [DEBUG] cheese - null
[2020-11-28T10:54:05.579] [DEBUG] cheese - login => username:admin,password:123456
[2020-11-28T10:54:05.580] [DEBUG] cheese - admin
[2020-11-28T10:54:05.591] [DEBUG] cheese - null
[2020-11-28T10:54:05.592] [DEBUG] cheese - null
[2020-11-28T10:59:30.632] [DEBUG] cheese - login => username:admin,password:123456
[2020-11-28T10:59:30.635] [DEBUG] cheese - admin
[2020-11-28T10:59:30.639] [DEBUG] cheese - null
[2020-11-28T10:59:30.640] [DEBUG] cheese - null
[2020-11-30T15:43:39.536] [DEBUG] cheese - login => username:admin,password:123456
[2020-11-30T15:43:39.537] [DEBUG] cheese - admin
[2020-11-30T15:43:39.553] [DEBUG] cheese - null
[2020-11-30T15:43:39.554] [DEBUG] cheese - null
[2020-11-30T21:26:52.875] [DEBUG] cheese - null
[2020-12-01T09:52:18.254] [DEBUG] cheese - login => username:admin,password:123456
[2020-12-01T09:52:18.255] [DEBUG] cheese - admin
[2020-12-01T09:52:18.266] [DEBUG] cheese - null
[2020-12-01T09:52:18.266] [DEBUG] cheese - null
[2020-12-02T15:34:20.574] [DEBUG] cheese - login => username:admin,password:123456
[2020-12-02T15:34:20.575] [DEBUG] cheese - admin
[2020-12-02T15:34:20.595] [DEBUG] cheese - null
[2020-12-02T15:34:20.595] [DEBUG] cheese - null
[2020-12-03T09:05:35.000] [DEBUG] cheese - login => username:admin,password:123456
[2020-12-03T09:05:35.002] [DEBUG] cheese - admin
[2020-12-03T09:05:35.006] [DEBUG] cheese - null
[2020-12-03T09:05:35.006] [DEBUG] cheese - null
[2020-12-03T14:32:04.273] [DEBUG] cheese - login => username:admin,password:123456
[2020-12-03T14:32:04.275] [DEBUG] cheese - admin
[2020-12-03T14:32:04.280] [DEBUG] cheese - null
[2020-12-03T14:32:04.280] [DEBUG] cheese - null
[2020-12-03T17:40:33.164] [DEBUG] cheese - login => username:admin,password:123456
[2020-12-03T17:40:33.166] [DEBUG] cheese - admin
[2020-12-03T17:40:33.171] [DEBUG] cheese - null
[2020-12-03T17:40:33.171] [DEBUG] cheese - null
[2020-12-03T17:45:34.341] [DEBUG] cheese - login => username:admin,password:123456
[2020-12-03T17:45:34.347] [DEBUG] cheese - admin
[2020-12-03T17:45:34.353] [DEBUG] cheese - null
[2020-12-03T17:45:34.354] [DEBUG] cheese - null
[2020-12-03T17:46:55.785] [DEBUG] cheese - login => username:admin,password:123456
[2020-12-03T17:46:55.785] [DEBUG] cheese - admin
[2020-12-03T17:46:55.787] [DEBUG] cheese - null
[2020-12-03T17:46:55.787] [DEBUG] cheese - null
[2020-12-03T17:59:38.125] [DEBUG] cheese - null
[2020-12-04T09:08:41.004] [DEBUG] cheese - login => username:admin,password:123456
[2020-12-04T09:08:41.005] [DEBUG] cheese - admin
[2020-12-04T09:08:41.029] [DEBUG] cheese - null
[2020-12-04T09:08:41.029] [DEBUG] cheese - null
[2020-12-04T10:52:14.448] [DEBUG] cheese - login => username:admin,password:123456
[2020-12-04T10:52:14.449] [DEBUG] cheese - admin
[2020-12-04T10:52:14.452] [DEBUG] cheese - null
[2020-12-04T10:52:14.452] [DEBUG] cheese - null
[2020-12-04T10:53:33.838] [DEBUG] cheese - login => username:admin,password:123456
[2020-12-04T10:53:33.838] [DEBUG] cheese - admin
[2020-12-04T10:53:33.840] [DEBUG] cheese - null
[2020-12-04T10:53:33.840] [DEBUG] cheese - null
[2020-12-04T11:20:45.489] [DEBUG] cheese - login => username:admin,password:123456
[2020-12-04T11:20:45.489] [DEBUG] cheese - admin
[2020-12-04T11:20:45.493] [DEBUG] cheese - null
[2020-12-04T11:20:45.493] [DEBUG] cheese - null
[2020-12-04T11:26:09.574] [DEBUG] cheese - login => username:admin,password:123456
[2020-12-04T11:26:09.574] [DEBUG] cheese - admin
[2020-12-04T11:26:09.577] [DEBUG] cheese - null
[2020-12-04T11:26:09.577] [DEBUG] cheese - null
[2020-12-22T14:42:38.005] [DEBUG] cheese - login => username:admin,password:123456
[2020-12-22T14:42:38.007] [DEBUG] cheese - admin
[2020-12-22T14:42:38.030] [DEBUG] cheese - null
[2020-12-22T14:42:38.030] [DEBUG] cheese - null
[2020-12-22T14:46:19.389] [DEBUG] cheese - login => username:admin,password:123456
[2020-12-22T14:46:19.390] [DEBUG] cheese - admin
[2020-12-22T14:46:19.392] [DEBUG] cheese - null
[2020-12-22T14:46:19.392] [DEBUG] cheese - null
[2020-12-23T15:50:19.893] [DEBUG] cheese - login => username:admin,password:123456
[2020-12-23T15:50:19.894] [DEBUG] cheese - admin
[2020-12-23T15:50:19.928] [DEBUG] cheese - null
[2020-12-23T15:50:19.929] [DEBUG] cheese - null
[2020-12-29T16:05:34.191] [DEBUG] cheese - login => username:admin,password:123456
[2020-12-29T16:05:34.192] [DEBUG] cheese - admin
[2020-12-29T16:05:34.216] [DEBUG] cheese - null
[2020-12-29T16:05:34.217] [DEBUG] cheese - null
[2020-12-31T11:31:17.238] [DEBUG] cheese - login => username:admin,password:123
[2020-12-31T11:31:17.240] [DEBUG] cheese - admin
[2020-12-31T11:31:17.257] [DEBUG] cheese - null
[2020-12-31T11:31:17.257] [DEBUG] cheese - null
[2020-12-31T11:31:35.296] [DEBUG] cheese - login => username:admin,password:123456
[2020-12-31T11:31:35.297] [DEBUG] cheese - admin
[2020-12-31T11:31:35.303] [DEBUG] cheese - null
[2020-12-31T11:31:35.303] [DEBUG] cheese - null
[2020-12-31T11:33:57.863] [DEBUG] cheese - login => username:admin,password:123456
[2020-12-31T11:33:57.863] [DEBUG] cheese - admin
[2020-12-31T11:33:57.865] [DEBUG] cheese - null
[2020-12-31T11:33:57.865] [DEBUG] cheese - null
[2020-12-31T11:34:32.717] [DEBUG] cheese - login => username:admin,password:123456
[2020-12-31T11:34:32.717] [DEBUG] cheese - admin
[2020-12-31T11:34:32.721] [DEBUG] cheese - null
[2020-12-31T11:34:32.721] [DEBUG] cheese - null
[2020-12-31T11:35:59.371] [DEBUG] cheese - login => username:admin,password:123456
[2020-12-31T11:35:59.371] [DEBUG] cheese - admin
[2020-12-31T11:35:59.373] [DEBUG] cheese - null
[2020-12-31T11:35:59.373] [DEBUG] cheese - null
[2020-12-31T11:37:29.686] [DEBUG] cheese - login => username:admin,password:123456
[2020-12-31T11:37:29.687] [DEBUG] cheese - admin
[2020-12-31T11:37:29.690] [DEBUG] cheese - null
[2020-12-31T11:37:29.690] [DEBUG] cheese - null
[2020-12-31T11:39:32.123] [DEBUG] cheese - login => username:admin,password:123456
[2020-12-31T11:39:32.124] [DEBUG] cheese - admin
[2020-12-31T11:39:32.129] [DEBUG] cheese - null
[2020-12-31T11:39:32.129] [DEBUG] cheese - null
[2020-12-31T11:41:40.657] [DEBUG] cheese - login => username:admin,password:123456
[2020-12-31T11:41:40.657] [DEBUG] cheese - admin
[2020-12-31T11:41:40.659] [DEBUG] cheese - null
[2020-12-31T11:41:40.659] [DEBUG] cheese - null
[2020-12-31T11:48:27.827] [DEBUG] cheese - login => username:admin,password:123456
[2020-12-31T11:48:27.828] [DEBUG] cheese - admin
[2020-12-31T11:48:27.830] [DEBUG] cheese - null
[2020-12-31T11:48:27.830] [DEBUG] cheese - null
[2020-12-31T14:09:58.826] [DEBUG] cheese - login => username:admin,password:123456
[2020-12-31T14:09:58.827] [DEBUG] cheese - admin
[2020-12-31T14:09:58.837] [DEBUG] cheese - null
[2020-12-31T14:09:58.837] [DEBUG] cheese - null
[2020-12-31T16:33:01.150] [DEBUG] cheese - login => username:admin,password:123456
[2020-12-31T16:33:01.151] [DEBUG] cheese - admin
[2020-12-31T16:33:01.164] [DEBUG] cheese - null
[2020-12-31T16:33:01.164] [DEBUG] cheese - null
[2020-12-31T17:25:44.640] [DEBUG] cheese - login => username:admin,password:123456
[2020-12-31T17:25:44.641] [DEBUG] cheese - admin
[2020-12-31T17:25:44.650] [DEBUG] cheese - null
[2020-12-31T17:25:44.651] [DEBUG] cheese - null
[2020-12-31T18:17:24.609] [DEBUG] cheese - login => username:admin,password:123456
[2020-12-31T18:17:24.610] [DEBUG] cheese - admin
[2020-12-31T18:17:24.613] [DEBUG] cheese - null
[2020-12-31T18:17:24.613] [DEBUG] cheese - null
[2021-01-04T08:57:22.120] [DEBUG] cheese - login => username:admin,password:123456
[2021-01-04T08:57:22.121] [DEBUG] cheese - admin
[2021-01-04T08:57:22.145] [DEBUG] cheese - null
[2021-01-04T08:57:22.145] [DEBUG] cheese - null
[2021-01-04T09:18:52.717] [DEBUG] cheese - login => username:admin,password:123456
[2021-01-04T09:18:52.717] [DEBUG] cheese - admin
[2021-01-04T09:18:52.732] [DEBUG] cheese - null
[2021-01-04T09:18:52.732] [DEBUG] cheese - null
[2021-01-04T09:29:26.681] [DEBUG] cheese - login => username:admin,password:123456
[2021-01-04T09:29:26.681] [DEBUG] cheese - admin
[2021-01-04T09:29:26.683] [DEBUG] cheese - null
[2021-01-04T09:29:26.683] [DEBUG] cheese - null
[2021-01-04T17:08:36.799] [DEBUG] cheese - login => username:admin,password:123456
[2021-01-04T17:08:36.802] [DEBUG] cheese - admin
[2021-01-04T17:08:36.811] [DEBUG] cheese - null
[2021-01-04T17:08:36.812] [DEBUG] cheese - null
[2021-01-04T18:08:59.869] [DEBUG] cheese - login => username:admin,password:123456
[2021-01-04T18:08:59.870] [DEBUG] cheese - admin
[2021-01-04T18:08:59.873] [DEBUG] cheese - null
[2021-01-04T18:08:59.873] [DEBUG] cheese - null
[2021-01-04T19:21:04.801] [DEBUG] cheese - login => username:admin,password:123456
[2021-01-04T19:21:04.802] [DEBUG] cheese - admin
[2021-01-04T19:21:04.804] [DEBUG] cheese - null
[2021-01-04T19:21:04.804] [DEBUG] cheese - null
[2021-01-04T20:18:29.411] [DEBUG] cheese - login => username:admin,password:123456
[2021-01-04T20:18:29.412] [DEBUG] cheese - admin
[2021-01-04T20:18:29.413] [DEBUG] cheese - null
[2021-01-04T20:18:29.413] [DEBUG] cheese - null
[2021-01-04T20:21:45.140] [DEBUG] cheese - login => username:admin,password:123456
[2021-01-04T20:21:45.140] [DEBUG] cheese - admin
[2021-01-04T20:21:45.142] [DEBUG] cheese - null
[2021-01-04T20:21:45.143] [DEBUG] cheese - null
[2021-01-04T21:13:04.860] [DEBUG] cheese - login => username:admin,password:123456
[2021-01-04T21:13:04.860] [DEBUG] cheese - admin
[2021-01-04T21:13:04.863] [DEBUG] cheese - null
[2021-01-04T21:13:04.863] [DEBUG] cheese - null
[2021-01-05T09:03:37.616] [DEBUG] cheese - login => username:admin,password:123456
[2021-01-05T09:03:37.618] [DEBUG] cheese - admin
[2021-01-05T09:03:37.643] [DEBUG] cheese - null
[2021-01-05T09:03:37.644] [DEBUG] cheese - null
[2021-01-05T09:04:09.760] [DEBUG] cheese - login => username:admin,password:123456
[2021-01-05T09:04:09.760] [DEBUG] cheese - admin
[2021-01-05T09:04:09.763] [DEBUG] cheese - null
[2021-01-05T09:04:09.763] [DEBUG] cheese - null
[2021-01-05T12:27:34.074] [DEBUG] cheese - login => username:admin,password:123456
[2021-01-05T12:27:34.075] [DEBUG] cheese - admin
[2021-01-05T12:27:34.079] [DEBUG] cheese - null
[2021-01-05T12:27:34.079] [DEBUG] cheese - null
[2021-01-05T19:36:39.279] [DEBUG] cheese - login => username:admin,password:123456
[2021-01-05T19:36:39.283] [DEBUG] cheese - admin
[2021-01-05T19:36:39.310] [DEBUG] cheese - null
[2021-01-05T19:36:39.311] [DEBUG] cheese - null
[2021-01-05T19:37:30.698] [DEBUG] cheese - login => username:admin,password:123456
[2021-01-05T19:37:30.698] [DEBUG] cheese - admin
[2021-01-05T19:37:30.703] [DEBUG] cheese - null
[2021-01-05T19:37:30.703] [DEBUG] cheese - null
[2021-01-05T19:40:10.849] [DEBUG] cheese - login => username:admin,password:123456
[2021-01-05T19:40:10.850] [DEBUG] cheese - admin
[2021-01-05T19:40:10.853] [DEBUG] cheese - null
[2021-01-05T19:40:10.853] [DEBUG] cheese - null
[2021-01-05T19:43:46.400] [DEBUG] cheese - login => username:admin,password:123456
[2021-01-05T19:43:46.401] [DEBUG] cheese - admin
[2021-01-05T19:43:46.403] [DEBUG] cheese - null
[2021-01-05T19:43:46.403] [DEBUG] cheese - null
[2021-01-06T09:07:19.126] [DEBUG] cheese - login => username:admin,password:123456
[2021-01-06T09:07:19.128] [DEBUG] cheese - admin
[2021-01-06T09:07:19.133] [DEBUG] cheese - null
[2021-01-06T09:07:19.134] [DEBUG] cheese - null
[2021-01-06T09:09:53.366] [DEBUG] cheese - login => username:admin,password:123456
[2021-01-06T09:09:53.369] [DEBUG] cheese - admin
[2021-01-06T09:09:53.373] [DEBUG] cheese - null
[2021-01-06T09:09:53.374] [DEBUG] cheese - null
[2021-01-06T09:13:46.851] [DEBUG] cheese - login => username:admin,password:123456
[2021-01-06T09:13:46.851] [DEBUG] cheese - admin
[2021-01-06T09:13:46.853] [DEBUG] cheese - null
[2021-01-06T09:13:46.853] [DEBUG] cheese - null
[2021-01-06T09:58:50.162] [DEBUG] cheese - login => username:admin,password:123456
[2021-01-06T09:58:50.165] [DEBUG] cheese - admin
[2021-01-06T09:58:50.173] [DEBUG] cheese - null
[2021-01-06T09:58:50.176] [DEBUG] cheese - null
[2021-01-06T12:19:29.382] [DEBUG] cheese - login => username:admin,password:123456
[2021-01-06T12:19:29.383] [DEBUG] cheese - admin
[2021-01-06T12:19:29.387] [DEBUG] cheese - null
[2021-01-06T12:19:29.387] [DEBUG] cheese - null
[2021-01-06T13:08:25.137] [DEBUG] cheese - null
[2021-01-06T14:53:11.419] [DEBUG] cheese - null
[2021-01-06T15:00:27.451] [DEBUG] cheese - null
[2021-01-06T15:08:43.870] [DEBUG] cheese - null
[2021-01-08T09:47:01.665] [DEBUG] cheese - login => username:admin,password:123456
[2021-01-08T09:47:01.666] [DEBUG] cheese - admin
[2021-01-08T09:47:01.684] [DEBUG] cheese - null
[2021-01-08T09:47:01.685] [DEBUG] cheese - null
[2021-08-11T20:55:48.262] [DEBUG] cheese - login => username:admin,password:123456
[2021-08-11T20:55:48.322] [DEBUG] cheese - admin
[2021-08-11T20:55:48.361] [DEBUG] cheese - null
[2021-08-11T20:55:48.363] [DEBUG] cheese - null
[2021-08-11T21:47:46.799] [DEBUG] cheese - null
[2021-08-11T22:20:28.416] [DEBUG] cheese - login => username:admin,password:123456
[2021-08-11T22:20:28.423] [DEBUG] cheese - admin
[2021-08-11T22:20:28.579] [DEBUG] cheese - null
[2021-08-11T22:20:28.581] [DEBUG] cheese - null
[2021-08-11T22:32:16.122] [DEBUG] cheese - null
[2021-08-11T22:39:11.703] [DEBUG] cheese - login => username:admin,password:123456
[2021-08-11T22:39:11.708] [DEBUG] cheese - admin
[2021-08-11T22:39:12.114] [DEBUG] cheese - null
[2021-08-11T22:39:12.116] [DEBUG] cheese - null
[2021-08-11T22:39:28.125] [DEBUG] cheese - null
[2021-08-11T22:39:47.445] [DEBUG] cheese - null
[2021-08-11T22:40:22.591] [DEBUG] cheese - null
[2021-08-11T22:40:31.363] [DEBUG] cheese - null
[2021-08-11T22:42:12.118] [DEBUG] cheese - null
[2021-08-11T22:57:16.875] [DEBUG] cheese - null
[2021-08-11T22:57:39.856] [DEBUG] cheese - null
[2021-08-11T22:58:28.692] [DEBUG] cheese - null
[2021-08-11T22:58:38.417] [DEBUG] cheese - null
[2021-08-11T23:00:44.805] [DEBUG] cheese - null
[2021-08-11T23:08:44.165] [DEBUG] cheese - null
[2021-08-12T20:41:11.682] [DEBUG] cheese - login => username:admin,password:123456
[2021-08-12T20:41:11.687] [DEBUG] cheese - admin
[2021-08-12T20:41:11.772] [DEBUG] cheese - null
[2021-08-12T20:41:11.774] [DEBUG] cheese - null
[2021-08-12T20:42:40.827] [DEBUG] cheese - null
[2021-08-12T22:20:51.701] [DEBUG] cheese - login => username:admin,password:123456
[2021-08-12T22:20:51.715] [DEBUG] cheese - admin
[2021-08-12T22:20:51.779] [DEBUG] cheese - null
[2021-08-12T22:20:51.780] [DEBUG] cheese - null
[2021-08-12T23:53:12.914] [DEBUG] cheese - login => username:admin,password:123456
[2021-08-12T23:53:12.932] [DEBUG] cheese - admin
[2021-08-12T23:53:12.958] [DEBUG] cheese - null
[2021-08-12T23:53:12.960] [DEBUG] cheese - null
[2021-08-13T21:05:56.838] [DEBUG] cheese - login => username:admin,password:123456
[2021-08-13T21:05:56.855] [DEBUG] cheese - admin
[2021-08-13T21:05:56.939] [DEBUG] cheese - null
[2021-08-13T21:05:56.941] [DEBUG] cheese - null
[2021-08-14T20:54:02.413] [DEBUG] cheese - login => username:admin,password:123456
[2021-08-14T20:54:02.418] [DEBUG] cheese - admin
[2021-08-14T20:54:02.457] [DEBUG] cheese - null
[2021-08-14T20:54:02.459] [DEBUG] cheese - null
[2021-08-15T05:38:44.579] [DEBUG] cheese - login => username:admin,password:123456
[2021-08-15T05:38:44.585] [DEBUG] cheese - admin
[2021-08-15T05:38:44.601] [DEBUG] cheese - null
[2021-08-15T05:38:44.602] [DEBUG] cheese - null
[2021-08-15T06:55:25.232] [DEBUG] cheese - login => username:admin,password:123456
[2021-08-15T06:55:25.239] [DEBUG] cheese - admin
[2021-08-15T06:55:25.251] [DEBUG] cheese - null
[2021-08-15T06:55:25.253] [DEBUG] cheese - null
[2021-08-15T10:39:56.380] [DEBUG] cheese - login => username:admin,password:123456
[2021-08-15T10:39:56.386] [DEBUG] cheese - admin
[2021-08-15T10:39:56.401] [DEBUG] cheese - null
[2021-08-15T10:39:56.403] [DEBUG] cheese - null
[2021-08-15T22:50:19.224] [DEBUG] cheese - login => username:admin,password:940831
[2021-08-15T22:50:19.244] [DEBUG] cheese - admin
[2021-08-15T22:50:19.366] [DEBUG] cheese - null
[2021-08-15T22:50:19.368] [DEBUG] cheese - null
[2021-08-15T22:50:31.585] [DEBUG] cheese - login => username:admin,password:123456
[2021-08-15T22:50:31.586] [DEBUG] cheese - admin
[2021-08-15T22:50:31.598] [DEBUG] cheese - null
[2021-08-15T22:50:31.599] [DEBUG] cheese - null
[2021-08-16T14:51:27.144] [DEBUG] cheese - login => username:admin,password:123456
[2021-08-16T14:51:27.160] [DEBUG] cheese - admin
[2021-08-16T14:51:27.214] [DEBUG] cheese - null
[2021-08-16T14:51:27.217] [DEBUG] cheese - null
[2021-08-17T00:05:47.569] [DEBUG] cheese - null
[2021-08-17T00:07:38.531] [DEBUG] cheese - null
[2021-08-17T12:35:52.476] [DEBUG] cheese - login => username:admin,password:123456
[2021-08-17T12:35:52.481] [DEBUG] cheese - admin
[2021-08-17T12:35:52.520] [DEBUG] cheese - null
[2021-08-17T12:35:52.522] [DEBUG] cheese - null
[2021-08-17T17:53:20.886] [DEBUG] cheese - login => username:admin,password:123456
[2021-08-17T17:53:20.891] [DEBUG] cheese - admin
[2021-08-17T17:53:21.448] [DEBUG] cheese - null
[2021-08-17T17:53:21.450] [DEBUG] cheese - null
[2021-08-17T18:10:05.029] [DEBUG] cheese - login => username:admin,password:123456
[2021-08-17T18:10:05.035] [DEBUG] cheese - admin
[2021-08-17T18:10:05.158] [DEBUG] cheese - null
[2021-08-17T18:10:05.160] [DEBUG] cheese - null
[2021-08-17T18:24:47.565] [DEBUG] cheese - login => username:admin,password:123456
[2021-08-17T18:24:47.570] [DEBUG] cheese - admin
[2021-08-17T18:24:47.677] [DEBUG] cheese - null
[2021-08-17T18:24:47.679] [DEBUG] cheese - null
[2021-08-17T18:36:36.078] [DEBUG] cheese - login => username:admin,password:123456
[2021-08-17T18:36:36.085] [DEBUG] cheese - admin
[2021-08-17T18:36:36.176] [DEBUG] cheese - null
[2021-08-17T18:36:36.177] [DEBUG] cheese - null
[2021-08-17T19:39:25.425] [DEBUG] cheese - login => username:admin,password:123456
[2021-08-17T19:39:25.430] [DEBUG] cheese - admin
[2021-08-17T19:39:25.534] [DEBUG] cheese - null
[2021-08-17T19:39:25.536] [DEBUG] cheese - null
[2021-08-17T22:16:00.388] [DEBUG] cheese - login => username:admin,password:123456
[2021-08-17T22:16:00.389] [DEBUG] cheese - admin
[2021-08-17T22:16:00.398] [DEBUG] cheese - null
[2021-08-17T22:16:00.404] [DEBUG] cheese - null
[2021-08-17T23:46:44.728] [DEBUG] cheese - login => username:admin,password:123456
[2021-08-17T23:46:44.787] [DEBUG] cheese - admin
[2021-08-17T23:46:44.796] [DEBUG] cheese - null
[2021-08-17T23:46:44.802] [DEBUG] cheese - null
[2021-08-18T09:32:45.852] [DEBUG] cheese - login => username:admin,password:123456
[2021-08-18T09:32:45.872] [DEBUG] cheese - admin
[2021-08-18T09:32:46.250] [DEBUG] cheese - null
[2021-08-18T09:32:46.252] [DEBUG] cheese - null
[2021-08-18T09:57:15.067] [DEBUG] cheese - login => username:admin,password:123456
[2021-08-18T09:57:15.071] [DEBUG] cheese - admin
[2021-08-18T09:57:15.091] [DEBUG] cheese - null
[2021-08-18T09:57:15.093] [DEBUG] cheese - null
[2021-08-18T10:18:55.188] [DEBUG] cheese - login => username:admin,password:123456
[2021-08-18T10:18:55.189] [DEBUG] cheese - admin
[2021-08-18T10:18:55.211] [DEBUG] cheese - null
[2021-08-18T10:18:55.212] [DEBUG] cheese - null
[2021-08-18T12:08:04.316] [DEBUG] cheese - login => username:admin,password:123456
[2021-08-18T12:08:04.343] [DEBUG] cheese - admin
[2021-08-18T12:08:04.358] [DEBUG] cheese - null
[2021-08-18T12:08:04.362] [DEBUG] cheese - null
[2021-08-18T14:30:21.017] [DEBUG] cheese - login => username:admin,password:123456
[2021-08-18T14:30:21.098] [DEBUG] cheese - admin
[2021-08-18T14:30:21.141] [DEBUG] cheese - null
[2021-08-18T14:30:21.151] [DEBUG] cheese - null
